2022-12-17 13:12:390 INFO  HomePage :37 - Clicking on login link : [[ChromeDriver: chrome on WINDOWS (8c4081f21a20ff53243292ab6ebfd5c6)] -> link text: Log in]
2022-12-17 13:12:520 INFO  LoginPage :44 - Getting text from : [[ChromeDriver: chrome on WINDOWS (8c4081f21a20ff53243292ab6ebfd5c6)] -> xpath: //h1[contains(text(),'Welcome, Please Sign In!')]]
2022-12-17 13:12:971 INFO  HomePage :37 - Clicking on login link : [[ChromeDriver: chrome on WINDOWS (86e470570dddf5e98405d2776546d493)] -> link text: Log in]
2022-12-17 13:12:97 INFO  LoginPage :44 - Getting text from : [[ChromeDriver: chrome on WINDOWS (86e470570dddf5e98405d2776546d493)] -> xpath: //h1[contains(text(),'Welcome, Please Sign In!')]]
2022-12-17 13:12:415 INFO  HomePage :37 - Clicking on login link : [[ChromeDriver: chrome on WINDOWS (c4abdec659be5db7ca3a5cecf7fc69f0)] -> link text: Log in]
2022-12-17 13:12:543 INFO  LoginPage :44 - Getting text from : [[ChromeDriver: chrome on WINDOWS (c4abdec659be5db7ca3a5cecf7fc69f0)] -> xpath: //h1[contains(text(),'Welcome, Please Sign In!')]]
2022-12-17 13:12:626 INFO  HomePage :37 - Clicking on login link : [[ChromeDriver: chrome on WINDOWS (2a2f350a6852f0ef0699924c7f9b6fd2)] -> link text: Log in]
2022-12-17 13:12:726 INFO  LoginPage :44 - Getting text from : [[ChromeDriver: chrome on WINDOWS (2a2f350a6852f0ef0699924c7f9b6fd2)] -> xpath: //h1[contains(text(),'Welcome, Please Sign In!')]]
2022-12-17 13:12:680 INFO  HomePage :37 - Clicking on login link : [[ChromeDriver: chrome on WINDOWS (6dea0879cc0ca8468e02b14e82471744)] -> link text: Log in]
2022-12-17 14:12:761 INFO  HomePage :37 - Clicking on login link : [[ChromeDriver: chrome on WINDOWS (2b69b85043d74cb7c1f41beb014c9f91)] -> link text: Log in]
2022-12-17 14:12:387 INFO  HomePage :37 - Clicking on login link : [[ChromeDriver: chrome on WINDOWS (621135c18347565ad5c13f2c8afb0ab5)] -> link text: Log in]
2022-12-17 14:12:385 INFO  HomePage :37 - Clicking on login link : [[ChromeDriver: chrome on WINDOWS (d489be16a15bc0af29be30db6334237b)] -> link text: Log in]
2022-12-17 14:12:896 INFO  HomePage :37 - Clicking on login link : [[ChromeDriver: chrome on WINDOWS (488d7f6dc47bfaab88ec58d6e8061bb8)] -> link text: Log in]
2022-12-17 14:12:06 INFO  LoginPage :44 - Getting text from : [[ChromeDriver: chrome on WINDOWS (488d7f6dc47bfaab88ec58d6e8061bb8)] -> xpath: //h1[contains(text(),'Welcome, Please Sign In!')]]
2022-12-17 14:12:860 INFO  HomePage :37 - Clicking on login link : [[ChromeDriver: chrome on WINDOWS (4b61b8b1bea5f89f5361f1c216680312)] -> link text: Log in]
2022-12-17 14:12:633 INFO  HomePage :37 - Clicking on login link : [[ChromeDriver: chrome on WINDOWS (957a26b1b285093f0097b1cbccf54c32)] -> link text: Log in]
2022-12-17 14:12:457 INFO  HomePage :37 - Clicking on login link : [[ChromeDriver: chrome on WINDOWS (39f357ede9a788abb94a5499244c759e)] -> link text: Log in]
2022-12-17 14:12:176 INFO  HomePage :37 - Clicking on login link : [[ChromeDriver: chrome on WINDOWS (d968ed551b4d3ee331b86a75a765a3c9)] -> link text: Log in]
2022-12-17 15:12:957 INFO  HomePage :37 - Clicking on login link : [[ChromeDriver: chrome on WINDOWS (ce26eb186e58b3641f41fe72508d8eaf)] -> link text: Log in]
2022-12-17 15:12:11 INFO  LoginPage :44 - Getting text from : [[ChromeDriver: chrome on WINDOWS (ce26eb186e58b3641f41fe72508d8eaf)] -> xpath: //h1[contains(text(),'Welcome, Please Sign In!')]]
2022-12-17 15:12:602 INFO  HomePage :37 - Clicking on login link : [[ChromeDriver: chrome on WINDOWS (bc049f45c517cf3ed2b552be6a3b9f7a)] -> link text: Log in]
2022-12-17 15:12:227 INFO  HomePage :37 - Clicking on login link : [[ChromeDriver: chrome on WINDOWS (778c520c0fa4234a27eca170469cabca)] -> link text: Log in]
2022-12-17 15:12:284 INFO  LoginPage :44 - Getting text from : [[ChromeDriver: chrome on WINDOWS (778c520c0fa4234a27eca170469cabca)] -> xpath: //h1[contains(text(),'Welcome, Please Sign In!')]]
2022-12-17 15:12:865 INFO  HomePage :37 - Clicking on login link : [[ChromeDriver: chrome on WINDOWS (b270bbc7ad43dee927e7ce624181d3b1)] -> link text: Log in]
2022-12-17 15:12:405 INFO  HomePage :37 - Clicking on login link : [[ChromeDriver: chrome on WINDOWS (d13f95a3ef895f59396bb18484f860ea)] -> link text: Log in]
2022-12-17 15:12:463 INFO  LoginPage :44 - Getting text from : [[ChromeDriver: chrome on WINDOWS (d13f95a3ef895f59396bb18484f860ea)] -> xpath: //h1[contains(text(),'Welcome, Please Sign In!')]]
2022-12-17 15:12:723 INFO  HomePage :37 - Clicking on login link : [[ChromeDriver: chrome on WINDOWS (6dca561f0f7cf8acbc5d9b1d8c5450a1)] -> link text: Log in]
2022-12-18 21:12:188 INFO  HomePage :37 - Clicking on login link : [[ChromeDriver: chrome on WINDOWS (8ab83ceaf22c8187473a782b791e5960)] -> link text: Log in]
2022-12-18 21:12:229 INFO  LoginPage :44 - Getting text from : [[ChromeDriver: chrome on WINDOWS (8ab83ceaf22c8187473a782b791e5960)] -> xpath: //h1[contains(text(),'Welcome, Please Sign In!')]]
2022-12-18 21:12:370 INFO  HomePage :37 - Clicking on login link : [[ChromeDriver: chrome on WINDOWS (784f4bfb9e00672eaf57998c843be2fa)] -> link text: Log in]
2022-12-19 18:10:48 INFO  HomePage :51 - Clicking on login link : [[ChromeDriver: chrome on WINDOWS (b59637f03ec12d250d436b1de982726c)] -> link text: Log in]
2022-12-19 18:11:11 INFO  HomePage :51 - Clicking on login link : [[ChromeDriver: chrome on WINDOWS (bb5fb57d3821e2bf4ba13fe6fc379405)] -> link text: Log in]
2022-12-19 18:11:11 INFO  LoginPage :44 - Getting text from : [[ChromeDriver: chrome on WINDOWS (bb5fb57d3821e2bf4ba13fe6fc379405)] -> xpath: //h1[contains(text(),'Welcome, Please Sign In!')]]
2022-12-19 18:20:21 INFO  HomePage :51 - Clicking on login link : [[ChromeDriver: chrome on WINDOWS (30a887db45c755503f4ed44ae99b6f2d)] -> link text: Log in]
2022-12-19 18:20:21 INFO  LoginPage :50 - Getting text from : [[ChromeDriver: chrome on WINDOWS (30a887db45c755503f4ed44ae99b6f2d)] -> xpath: //h1[contains(text(),'Welcome, Please Sign In!')]]
2022-12-19 18:22:49 INFO  HomePage :51 - Clicking on login link : [[ChromeDriver: chrome on WINDOWS (06de5be5831c87823b22c23543521bc0)] -> link text: Log in]
2022-12-19 20:24:02 INFO  HomePage :51 - Clicking on login link : [[ChromeDriver: chrome on WINDOWS (d35b3e4a98f92be3396e5e785021960a)] -> link text: Log in]
2022-12-19 20:28:16 INFO  HomePage :51 - Clicking on login link : [[ChromeDriver: chrome on WINDOWS (12643553af728966d3b79aeba2cd9789)] -> link text: Log in]
2022-12-19 21:15:28 INFO  HomePage :32 - clickOnComputer[[ChromeDriver: chrome on WINDOWS (8f611b1729ee1272840847b72dd55222)] -> xpath: //a[@href='/computers']]
2022-12-19 21:15:29 INFO  HomePage :36 - clickonDesktopMenu[[ChromeDriver: chrome on WINDOWS (8f611b1729ee1272840847b72dd55222)] -> xpath: //h2[@class='title']//a]
2022-12-19 21:15:33 INFO  HomePage :37 - Clicking on login link : [[ChromeDriver: chrome on WINDOWS (617bbd45f327f4e0ec0f07a9a81873cb)] -> link text: Log in]
2022-12-19 21:20:24 INFO  HomePage :32 - clickOnComputer[[ChromeDriver: chrome on WINDOWS (f4edfdca806c085e019a642bbd3f905f)] -> xpath: //a[@href='/computers']]
2022-12-19 21:20:25 INFO  HomePage :36 - clickonDesktopMenu[[ChromeDriver: chrome on WINDOWS (f4edfdca806c085e019a642bbd3f905f)] -> xpath: //h2[@class='title']//a]
2022-12-20 14:15:28 INFO  HomePage :32 - clickOnComputer[[ChromeDriver: chrome on WINDOWS (ddd628246bd7847d4a73fc95d2ff6a34)] -> xpath: //a[@href='/computers']]
2022-12-20 14:15:29 INFO  HomePage :36 - clickonDesktopMenu[[ChromeDriver: chrome on WINDOWS (ddd628246bd7847d4a73fc95d2ff6a34)] -> xpath: //h2[@class='title']//a]
2022-12-20 14:20:04 INFO  HomePage :32 - clickOnComputer[[ChromeDriver: chrome on WINDOWS (c160608f6c35b06bad2e05188ad96161)] -> xpath: //a[@href='/computers']]
2022-12-20 14:20:05 INFO  HomePage :36 - clickonDesktopMenu[[ChromeDriver: chrome on WINDOWS (c160608f6c35b06bad2e05188ad96161)] -> xpath: //h2[@class='title']//a]
2022-12-20 15:19:23 INFO  HomePage :32 - clickOnComputer[[ChromeDriver: chrome on WINDOWS (a6b1c35669f460327dde91b0ca4a6289)] -> xpath: //a[@href='/computers']]
2022-12-20 15:19:23 INFO  HomePage :36 - clickonDesktopMenu[[ChromeDriver: chrome on WINDOWS (a6b1c35669f460327dde91b0ca4a6289)] -> xpath: //h2[@class='title']//a]
2022-12-20 15:19:24 INFO  HomePage :187 - getSelectByValue[[ChromeDriver: chrome on WINDOWS (a6b1c35669f460327dde91b0ca4a6289)] -> xpath: //select[@name='products-orderby']]
2022-12-20 15:35:08 INFO  HomePage :32 - clickOnComputer[[ChromeDriver: chrome on WINDOWS (31f84797c4545a1d9210efd8098a0c9c)] -> xpath: //a[@href='/computers']]
2022-12-20 15:35:09 INFO  HomePage :36 - clickonDesktopMenu[[ChromeDriver: chrome on WINDOWS (31f84797c4545a1d9210efd8098a0c9c)] -> xpath: //h2[@class='title']//a]
2022-12-20 15:35:14 INFO  HomePage :32 - clickOnComputer[[ChromeDriver: chrome on WINDOWS (0ff6e619e7b8c26f4ef86161dec353b9)] -> xpath: //a[@href='/computers']]
2022-12-20 15:35:14 INFO  HomePage :36 - clickonDesktopMenu[[ChromeDriver: chrome on WINDOWS (0ff6e619e7b8c26f4ef86161dec353b9)] -> xpath: //h2[@class='title']//a]
2022-12-20 15:35:15 INFO  HomePage :187 - getSelectByValue[[ChromeDriver: chrome on WINDOWS (0ff6e619e7b8c26f4ef86161dec353b9)] -> xpath: //select[@name='products-orderby']]
2022-12-20 15:35:42 INFO  HomePage :37 - Clicking on login link : [[ChromeDriver: chrome on WINDOWS (b4ce08732194ba5aaed71cc51ee1555f)] -> link text: Log in]
